2025-07-19 21:20:05 - sql_injector - INFO - logger.py:80 - Loaded 46 payloads - Error: 8, Boolean: 16, Time: 6, Union: 16
2025-07-19 21:20:05 - sql_injector - INFO - logger.py:80 - Starting SQL injection scan on https://httpbin.org/get?id=1
2025-07-19 21:20:05 - sql_injector - ERROR - logger.py:88 - Error testing id with error_based payload: SQLInjector._make_request() missing 1 required positional argument: 'url'
2025-07-19 21:20:05 - sql_injector - ERROR - logger.py:88 - Error testing id with error_based payload: SQLInjector._make_request() missing 1 required positional argument: 'url'
2025-07-19 21:20:05 - sql_injector - ERROR - logger.py:88 - Error testing id with error_based payload: SQLInjector._make_request() missing 1 required positional argument: 'url'
2025-07-19 21:20:05 - sql_injector - ERROR - logger.py:88 - Error testing id with error_based payload: SQLInjector._make_request() missing 1 required positional argument: 'url'
2025-07-19 21:20:05 - sql_injector - ERROR - logger.py:88 - Error testing id with error_based payload: SQLInjector._make_request() missing 1 required positional argument: 'url'
2025-07-19 21:20:05 - sql_injector - ERROR - logger.py:88 - Error testing id with error_based payload: SQLInjector._make_request() missing 1 required positional argument: 'url'
2025-07-19 21:20:05 - sql_injector - ERROR - logger.py:88 - Error testing id with error_based payload: SQLInjector._make_request() missing 1 required positional argument: 'url'
2025-07-19 21:20:05 - sql_injector - ERROR - logger.py:88 - Error testing id with error_based payload: SQLInjector._make_request() missing 1 required positional argument: 'url'
2025-07-19 21:20:05 - sql_injector - ERROR - logger.py:88 - Error testing id with boolean_based payload: SQLInjector._make_request() missing 1 required positional argument: 'url'
2025-07-19 21:20:05 - sql_injector - ERROR - logger.py:88 - Error testing id with boolean_based payload: SQLInjector._make_request() missing 1 required positional argument: 'url'
2025-07-19 21:20:05 - sql_injector - ERROR - logger.py:88 - Error testing id with boolean_based payload: SQLInjector._make_request() missing 1 required positional argument: 'url'
2025-07-19 21:20:05 - sql_injector - ERROR - logger.py:88 - Error testing id with boolean_based payload: SQLInjector._make_request() missing 1 required positional argument: 'url'
2025-07-19 21:20:05 - sql_injector - ERROR - logger.py:88 - Error testing id with boolean_based payload: SQLInjector._make_request() missing 1 required positional argument: 'url'
2025-07-19 21:20:05 - sql_injector - ERROR - logger.py:88 - Error testing id with boolean_based payload: SQLInjector._make_request() missing 1 required positional argument: 'url'
2025-07-19 21:20:05 - sql_injector - ERROR - logger.py:88 - Error testing id with boolean_based payload: SQLInjector._make_request() missing 1 required positional argument: 'url'
2025-07-19 21:20:05 - sql_injector - ERROR - logger.py:88 - Error testing id with boolean_based payload: SQLInjector._make_request() missing 1 required positional argument: 'url'
2025-07-19 21:20:05 - sql_injector - ERROR - logger.py:88 - Error testing id with boolean_based payload: SQLInjector._make_request() missing 1 required positional argument: 'url'
2025-07-19 21:20:05 - sql_injector - ERROR - logger.py:88 - Error testing id with boolean_based payload: SQLInjector._make_request() missing 1 required positional argument: 'url'
2025-07-19 21:20:05 - sql_injector - ERROR - logger.py:88 - Error testing id with boolean_based payload: SQLInjector._make_request() missing 1 required positional argument: 'url'
2025-07-19 21:20:05 - sql_injector - ERROR - logger.py:88 - Error testing id with boolean_based payload: SQLInjector._make_request() missing 1 required positional argument: 'url'
2025-07-19 21:20:05 - sql_injector - ERROR - logger.py:88 - Error testing id with boolean_based payload: SQLInjector._make_request() missing 1 required positional argument: 'url'
2025-07-19 21:20:05 - sql_injector - ERROR - logger.py:88 - Error testing id with boolean_based payload: SQLInjector._make_request() missing 1 required positional argument: 'url'
2025-07-19 21:20:05 - sql_injector - ERROR - logger.py:88 - Error testing id with boolean_based payload: SQLInjector._make_request() missing 1 required positional argument: 'url'
2025-07-19 21:20:05 - sql_injector - ERROR - logger.py:88 - Error testing id with boolean_based payload: SQLInjector._make_request() missing 1 required positional argument: 'url'
2025-07-19 21:20:05 - sql_injector - ERROR - logger.py:88 - Error testing id with time_based payload: SQLInjector._make_request() missing 1 required positional argument: 'url'
2025-07-19 21:20:05 - sql_injector - ERROR - logger.py:88 - Error testing id with time_based payload: SQLInjector._make_request() missing 1 required positional argument: 'url'
2025-07-19 21:20:05 - sql_injector - ERROR - logger.py:88 - Error testing id with time_based payload: SQLInjector._make_request() missing 1 required positional argument: 'url'
2025-07-19 21:20:05 - sql_injector - ERROR - logger.py:88 - Error testing id with time_based payload: SQLInjector._make_request() missing 1 required positional argument: 'url'
2025-07-19 21:20:05 - sql_injector - ERROR - logger.py:88 - Error testing id with time_based payload: SQLInjector._make_request() missing 1 required positional argument: 'url'
2025-07-19 21:20:05 - sql_injector - ERROR - logger.py:88 - Error testing id with time_based payload: SQLInjector._make_request() missing 1 required positional argument: 'url'
2025-07-19 21:20:05 - sql_injector - ERROR - logger.py:88 - Error testing id with union_based payload: SQLInjector._make_request() missing 1 required positional argument: 'url'
2025-07-19 21:20:05 - sql_injector - ERROR - logger.py:88 - Error testing id with union_based payload: SQLInjector._make_request() missing 1 required positional argument: 'url'
2025-07-19 21:20:05 - sql_injector - ERROR - logger.py:88 - Error testing id with union_based payload: SQLInjector._make_request() missing 1 required positional argument: 'url'
2025-07-19 21:20:05 - sql_injector - ERROR - logger.py:88 - Error testing id with union_based payload: SQLInjector._make_request() missing 1 required positional argument: 'url'
2025-07-19 21:20:05 - sql_injector - ERROR - logger.py:88 - Error testing id with union_based payload: SQLInjector._make_request() missing 1 required positional argument: 'url'
2025-07-19 21:20:05 - sql_injector - ERROR - logger.py:88 - Error testing id with union_based payload: SQLInjector._make_request() missing 1 required positional argument: 'url'
2025-07-19 21:20:05 - sql_injector - ERROR - logger.py:88 - Error testing id with union_based payload: SQLInjector._make_request() missing 1 required positional argument: 'url'
2025-07-19 21:20:05 - sql_injector - ERROR - logger.py:88 - Error testing id with union_based payload: SQLInjector._make_request() missing 1 required positional argument: 'url'
2025-07-19 21:20:05 - sql_injector - ERROR - logger.py:88 - Error testing id with union_based payload: SQLInjector._make_request() missing 1 required positional argument: 'url'
2025-07-19 21:20:05 - sql_injector - ERROR - logger.py:88 - Error testing id with union_based payload: SQLInjector._make_request() missing 1 required positional argument: 'url'
2025-07-19 21:20:05 - sql_injector - ERROR - logger.py:88 - Error testing id with union_based payload: SQLInjector._make_request() missing 1 required positional argument: 'url'
2025-07-19 21:20:05 - sql_injector - ERROR - logger.py:88 - Error testing id with union_based payload: SQLInjector._make_request() missing 1 required positional argument: 'url'
2025-07-19 21:20:05 - sql_injector - ERROR - logger.py:88 - Error testing id with union_based payload: SQLInjector._make_request() missing 1 required positional argument: 'url'
2025-07-19 21:20:05 - sql_injector - ERROR - logger.py:88 - Error testing id with union_based payload: SQLInjector._make_request() missing 1 required positional argument: 'url'
2025-07-19 21:20:05 - sql_injector - ERROR - logger.py:88 - Error testing id with union_based payload: SQLInjector._make_request() missing 1 required positional argument: 'url'
2025-07-19 21:20:05 - sql_injector - ERROR - logger.py:88 - Error testing id with union_based payload: SQLInjector._make_request() missing 1 required positional argument: 'url'
2025-07-19 21:20:05 - sql_injector - ERROR - logger.py:88 - Error testing id with error_based payload: SQLInjector._make_request() missing 1 required positional argument: 'url'
2025-07-19 21:20:05 - sql_injector - ERROR - logger.py:88 - Error testing id with error_based payload: SQLInjector._make_request() missing 1 required positional argument: 'url'
2025-07-19 21:20:05 - sql_injector - ERROR - logger.py:88 - Error testing id with error_based payload: SQLInjector._make_request() missing 1 required positional argument: 'url'
2025-07-19 21:20:05 - sql_injector - ERROR - logger.py:88 - Error testing id with error_based payload: SQLInjector._make_request() missing 1 required positional argument: 'url'
2025-07-19 21:20:05 - sql_injector - ERROR - logger.py:88 - Error testing id with error_based payload: SQLInjector._make_request() missing 1 required positional argument: 'url'
2025-07-19 21:20:05 - sql_injector - ERROR - logger.py:88 - Error testing id with error_based payload: SQLInjector._make_request() missing 1 required positional argument: 'url'
2025-07-19 21:20:05 - sql_injector - ERROR - logger.py:88 - Error testing id with error_based payload: SQLInjector._make_request() missing 1 required positional argument: 'url'
2025-07-19 21:20:05 - sql_injector - ERROR - logger.py:88 - Error testing id with error_based payload: SQLInjector._make_request() missing 1 required positional argument: 'url'
2025-07-19 21:20:05 - sql_injector - ERROR - logger.py:88 - Error testing id with boolean_based payload: SQLInjector._make_request() missing 1 required positional argument: 'url'
2025-07-19 21:20:05 - sql_injector - ERROR - logger.py:88 - Error testing id with boolean_based payload: SQLInjector._make_request() missing 1 required positional argument: 'url'
2025-07-19 21:20:05 - sql_injector - ERROR - logger.py:88 - Error testing id with boolean_based payload: SQLInjector._make_request() missing 1 required positional argument: 'url'
2025-07-19 21:20:05 - sql_injector - ERROR - logger.py:88 - Error testing id with boolean_based payload: SQLInjector._make_request() missing 1 required positional argument: 'url'
2025-07-19 21:20:05 - sql_injector - ERROR - logger.py:88 - Error testing id with boolean_based payload: SQLInjector._make_request() missing 1 required positional argument: 'url'
2025-07-19 21:20:05 - sql_injector - ERROR - logger.py:88 - Error testing id with boolean_based payload: SQLInjector._make_request() missing 1 required positional argument: 'url'
2025-07-19 21:20:05 - sql_injector - ERROR - logger.py:88 - Error testing id with boolean_based payload: SQLInjector._make_request() missing 1 required positional argument: 'url'
2025-07-19 21:20:05 - sql_injector - ERROR - logger.py:88 - Error testing id with boolean_based payload: SQLInjector._make_request() missing 1 required positional argument: 'url'
2025-07-19 21:20:05 - sql_injector - ERROR - logger.py:88 - Error testing id with boolean_based payload: SQLInjector._make_request() missing 1 required positional argument: 'url'
2025-07-19 21:20:05 - sql_injector - ERROR - logger.py:88 - Error testing id with boolean_based payload: SQLInjector._make_request() missing 1 required positional argument: 'url'
2025-07-19 21:20:05 - sql_injector - ERROR - logger.py:88 - Error testing id with boolean_based payload: SQLInjector._make_request() missing 1 required positional argument: 'url'
2025-07-19 21:20:05 - sql_injector - ERROR - logger.py:88 - Error testing id with boolean_based payload: SQLInjector._make_request() missing 1 required positional argument: 'url'
2025-07-19 21:20:05 - sql_injector - ERROR - logger.py:88 - Error testing id with boolean_based payload: SQLInjector._make_request() missing 1 required positional argument: 'url'
2025-07-19 21:20:05 - sql_injector - ERROR - logger.py:88 - Error testing id with boolean_based payload: SQLInjector._make_request() missing 1 required positional argument: 'url'
2025-07-19 21:20:05 - sql_injector - ERROR - logger.py:88 - Error testing id with boolean_based payload: SQLInjector._make_request() missing 1 required positional argument: 'url'
2025-07-19 21:20:05 - sql_injector - ERROR - logger.py:88 - Error testing id with boolean_based payload: SQLInjector._make_request() missing 1 required positional argument: 'url'
2025-07-19 21:20:05 - sql_injector - ERROR - logger.py:88 - Error testing id with time_based payload: SQLInjector._make_request() missing 1 required positional argument: 'url'
2025-07-19 21:20:05 - sql_injector - ERROR - logger.py:88 - Error testing id with time_based payload: SQLInjector._make_request() missing 1 required positional argument: 'url'
2025-07-19 21:20:05 - sql_injector - ERROR - logger.py:88 - Error testing id with time_based payload: SQLInjector._make_request() missing 1 required positional argument: 'url'
2025-07-19 21:20:05 - sql_injector - ERROR - logger.py:88 - Error testing id with time_based payload: SQLInjector._make_request() missing 1 required positional argument: 'url'
2025-07-19 21:20:05 - sql_injector - ERROR - logger.py:88 - Error testing id with time_based payload: SQLInjector._make_request() missing 1 required positional argument: 'url'
2025-07-19 21:20:05 - sql_injector - ERROR - logger.py:88 - Error testing id with time_based payload: SQLInjector._make_request() missing 1 required positional argument: 'url'
2025-07-19 21:20:05 - sql_injector - ERROR - logger.py:88 - Error testing id with union_based payload: SQLInjector._make_request() missing 1 required positional argument: 'url'
2025-07-19 21:20:05 - sql_injector - ERROR - logger.py:88 - Error testing id with union_based payload: SQLInjector._make_request() missing 1 required positional argument: 'url'
2025-07-19 21:20:05 - sql_injector - ERROR - logger.py:88 - Error testing id with union_based payload: SQLInjector._make_request() missing 1 required positional argument: 'url'
2025-07-19 21:20:05 - sql_injector - ERROR - logger.py:88 - Error testing id with union_based payload: SQLInjector._make_request() missing 1 required positional argument: 'url'
2025-07-19 21:20:05 - sql_injector - ERROR - logger.py:88 - Error testing id with union_based payload: SQLInjector._make_request() missing 1 required positional argument: 'url'
2025-07-19 21:20:05 - sql_injector - ERROR - logger.py:88 - Error testing id with union_based payload: SQLInjector._make_request() missing 1 required positional argument: 'url'
2025-07-19 21:20:05 - sql_injector - ERROR - logger.py:88 - Error testing id with union_based payload: SQLInjector._make_request() missing 1 required positional argument: 'url'
2025-07-19 21:20:05 - sql_injector - ERROR - logger.py:88 - Error testing id with union_based payload: SQLInjector._make_request() missing 1 required positional argument: 'url'
2025-07-19 21:20:05 - sql_injector - ERROR - logger.py:88 - Error testing id with union_based payload: SQLInjector._make_request() missing 1 required positional argument: 'url'
2025-07-19 21:20:05 - sql_injector - ERROR - logger.py:88 - Error testing id with union_based payload: SQLInjector._make_request() missing 1 required positional argument: 'url'
2025-07-19 21:20:05 - sql_injector - ERROR - logger.py:88 - Error testing id with union_based payload: SQLInjector._make_request() missing 1 required positional argument: 'url'
2025-07-19 21:20:05 - sql_injector - ERROR - logger.py:88 - Error testing id with union_based payload: SQLInjector._make_request() missing 1 required positional argument: 'url'
2025-07-19 21:20:05 - sql_injector - ERROR - logger.py:88 - Error testing id with union_based payload: SQLInjector._make_request() missing 1 required positional argument: 'url'
2025-07-19 21:20:05 - sql_injector - ERROR - logger.py:88 - Error testing id with union_based payload: SQLInjector._make_request() missing 1 required positional argument: 'url'
2025-07-19 21:20:05 - sql_injector - ERROR - logger.py:88 - Error testing id with union_based payload: SQLInjector._make_request() missing 1 required positional argument: 'url'
2025-07-19 21:20:05 - sql_injector - ERROR - logger.py:88 - Error testing id with union_based payload: SQLInjector._make_request() missing 1 required positional argument: 'url'
2025-07-19 21:21:34 - sql_injector - INFO - logger.py:80 - Loaded 46 payloads - Error: 8, Boolean: 16, Time: 6, Union: 16
2025-07-19 21:21:34 - sql_injector - INFO - logger.py:80 - Starting SQL injection scan on https://httpbin.org/get?id=1
2025-07-19 21:21:38 - sql_injector - ERROR - logger.py:88 - Error testing id with error_based payload: 'SQLInjector' object has no attribute '_detect_error_based'
2025-07-19 21:21:38 - sql_injector - ERROR - logger.py:88 - Error testing id with error_based payload: 'SQLInjector' object has no attribute '_detect_error_based'
2025-07-19 21:21:38 - sql_injector - ERROR - logger.py:88 - Error testing id with error_based payload: 'SQLInjector' object has no attribute '_detect_error_based'
2025-07-19 21:21:38 - sql_injector - ERROR - logger.py:88 - Error testing id with error_based payload: 'SQLInjector' object has no attribute '_detect_error_based'
2025-07-19 21:21:38 - sql_injector - ERROR - logger.py:88 - Error testing id with error_based payload: 'SQLInjector' object has no attribute '_detect_error_based'
2025-07-19 21:21:41 - sql_injector - ERROR - logger.py:88 - Error testing id with error_based payload: 'SQLInjector' object has no attribute '_detect_error_based'
2025-07-19 21:21:42 - sql_injector - ERROR - logger.py:88 - Error testing id with error_based payload: 'SQLInjector' object has no attribute '_detect_error_based'
2025-07-19 21:21:42 - sql_injector - ERROR - logger.py:88 - Error testing id with error_based payload: 'SQLInjector' object has no attribute '_detect_error_based'
2025-07-19 21:21:46 - sql_injector - ERROR - logger.py:88 - Error testing id with boolean_based payload: 'SQLInjector' object has no attribute '_detect_boolean_based'
2025-07-19 21:21:46 - sql_injector - ERROR - logger.py:88 - Error testing id with boolean_based payload: 'SQLInjector' object has no attribute '_detect_boolean_based'
2025-07-19 21:21:46 - sql_injector - ERROR - logger.py:88 - Error testing id with boolean_based payload: 'SQLInjector' object has no attribute '_detect_boolean_based'
2025-07-19 21:21:46 - sql_injector - ERROR - logger.py:88 - Error testing id with boolean_based payload: 'SQLInjector' object has no attribute '_detect_boolean_based'
2025-07-19 21:21:46 - sql_injector - ERROR - logger.py:88 - Error testing id with boolean_based payload: 'SQLInjector' object has no attribute '_detect_boolean_based'
2025-07-19 21:21:50 - sql_injector - ERROR - logger.py:88 - Error testing id with boolean_based payload: 'SQLInjector' object has no attribute '_detect_boolean_based'
2025-07-19 21:21:50 - sql_injector - ERROR - logger.py:88 - Error testing id with boolean_based payload: 'SQLInjector' object has no attribute '_detect_boolean_based'
2025-07-19 21:21:50 - sql_injector - ERROR - logger.py:88 - Error testing id with boolean_based payload: 'SQLInjector' object has no attribute '_detect_boolean_based'
2025-07-19 21:21:50 - sql_injector - ERROR - logger.py:88 - Error testing id with boolean_based payload: 'SQLInjector' object has no attribute '_detect_boolean_based'
2025-07-19 21:21:51 - sql_injector - ERROR - logger.py:88 - Error testing id with boolean_based payload: 'SQLInjector' object has no attribute '_detect_boolean_based'
2025-07-19 21:21:54 - sql_injector - ERROR - logger.py:88 - Error testing id with boolean_based payload: 'SQLInjector' object has no attribute '_detect_boolean_based'
2025-07-19 21:21:54 - sql_injector - ERROR - logger.py:88 - Error testing id with boolean_based payload: 'SQLInjector' object has no attribute '_detect_boolean_based'
2025-07-19 21:21:54 - sql_injector - ERROR - logger.py:88 - Error testing id with boolean_based payload: 'SQLInjector' object has no attribute '_detect_boolean_based'
2025-07-19 21:21:54 - sql_injector - ERROR - logger.py:88 - Error testing id with boolean_based payload: 'SQLInjector' object has no attribute '_detect_boolean_based'
2025-07-19 21:21:54 - sql_injector - ERROR - logger.py:88 - Error testing id with boolean_based payload: 'SQLInjector' object has no attribute '_detect_boolean_based'
2025-07-19 21:21:59 - sql_injector - ERROR - logger.py:88 - Error testing id with boolean_based payload: 'SQLInjector' object has no attribute '_detect_boolean_based'
2025-07-19 21:22:01 - sql_injector - ERROR - logger.py:88 - Error testing id with time_based payload: 'SQLInjector' object has no attribute '_detect_time_based'
2025-07-19 21:22:01 - sql_injector - ERROR - logger.py:88 - Error testing id with time_based payload: 'SQLInjector' object has no attribute '_detect_time_based'
2025-07-19 21:22:01 - sql_injector - ERROR - logger.py:88 - Error testing id with time_based payload: 'SQLInjector' object has no attribute '_detect_time_based'
2025-07-19 21:22:01 - sql_injector - ERROR - logger.py:88 - Error testing id with time_based payload: 'SQLInjector' object has no attribute '_detect_time_based'
2025-07-19 21:22:02 - sql_injector - ERROR - logger.py:88 - Error testing id with time_based payload: 'SQLInjector' object has no attribute '_detect_time_based'
2025-07-19 21:22:03 - sql_injector - ERROR - logger.py:88 - Error testing id with time_based payload: 'SQLInjector' object has no attribute '_detect_time_based'
2025-07-19 21:22:05 - sql_injector - ERROR - logger.py:88 - Error testing id with union_based payload: 'SQLInjector' object has no attribute '_detect_union_based'
2025-07-19 21:22:05 - sql_injector - ERROR - logger.py:88 - Error testing id with union_based payload: 'SQLInjector' object has no attribute '_detect_union_based'
2025-07-19 21:22:05 - sql_injector - ERROR - logger.py:88 - Error testing id with union_based payload: 'SQLInjector' object has no attribute '_detect_union_based'
2025-07-19 21:22:05 - sql_injector - ERROR - logger.py:88 - Error testing id with union_based payload: 'SQLInjector' object has no attribute '_detect_union_based'
2025-07-19 21:22:05 - sql_injector - ERROR - logger.py:88 - Error testing id with union_based payload: 'SQLInjector' object has no attribute '_detect_union_based'
2025-07-19 21:22:07 - sql_injector - ERROR - logger.py:88 - Error testing id with union_based payload: 'SQLInjector' object has no attribute '_detect_union_based'
2025-07-19 21:22:07 - sql_injector - ERROR - logger.py:88 - Error testing id with union_based payload: 'SQLInjector' object has no attribute '_detect_union_based'
2025-07-19 21:22:07 - sql_injector - ERROR - logger.py:88 - Error testing id with union_based payload: 'SQLInjector' object has no attribute '_detect_union_based'
2025-07-19 21:22:08 - sql_injector - ERROR - logger.py:88 - Error testing id with union_based payload: 'SQLInjector' object has no attribute '_detect_union_based'
2025-07-19 21:22:08 - sql_injector - ERROR - logger.py:88 - Error testing id with union_based payload: 'SQLInjector' object has no attribute '_detect_union_based'
2025-07-19 21:22:10 - sql_injector - ERROR - logger.py:88 - Error testing id with union_based payload: 'SQLInjector' object has no attribute '_detect_union_based'
2025-07-19 21:22:10 - sql_injector - ERROR - logger.py:88 - Error testing id with union_based payload: 'SQLInjector' object has no attribute '_detect_union_based'
2025-07-19 21:22:10 - sql_injector - ERROR - logger.py:88 - Error testing id with union_based payload: 'SQLInjector' object has no attribute '_detect_union_based'
2025-07-19 21:22:10 - sql_injector - ERROR - logger.py:88 - Error testing id with union_based payload: 'SQLInjector' object has no attribute '_detect_union_based'
2025-07-19 21:22:10 - sql_injector - ERROR - logger.py:88 - Error testing id with union_based payload: 'SQLInjector' object has no attribute '_detect_union_based'
2025-07-19 21:22:12 - sql_injector - ERROR - logger.py:88 - Error testing id with union_based payload: 'SQLInjector' object has no attribute '_detect_union_based'
